QS rank sweep launcher started at 2026-05-09T17:09:50.0310166+08:00
Cases: d = 45, 50; rng = 1, 2, 3; solvers = SeDuMi, MOSEK
Each case runs in a separate MATLAB process.
[2026-05-09T17:09:50.0528030+08:00] START qs_d45_rng1_sedumi
[2026-05-09T17:31:53.6445235+08:00] END qs_d45_rng1_sedumi exit=0 log=D:\Mine\Mani\ManiCSDP\Numerical Experiment\results_qs_rank_sedumi_mosek\qs_d45_rng1_sedumi.txt
[2026-05-09T17:31:53.6689485+08:00] START qs_d45_rng1_mosek
[2026-05-09T17:52:24.8870249+08:00] END qs_d45_rng1_mosek exit=0 log=D:\Mine\Mani\ManiCSDP\Numerical Experiment\results_qs_rank_sedumi_mosek\qs_d45_rng1_mosek.txt
[2026-05-09T17:52:24.8870249+08:00] START qs_d45_rng2_sedumi
[2026-05-09T18:14:18.0893545+08:00] END qs_d45_rng2_sedumi exit=0 log=D:\Mine\Mani\ManiCSDP\Numerical Experiment\results_qs_rank_sedumi_mosek\qs_d45_rng2_sedumi.txt
[2026-05-09T18:14:18.0893545+08:00] START qs_d45_rng2_mosek
[2026-05-09T18:33:48.2653780+08:00] END qs_d45_rng2_mosek exit=0 log=D:\Mine\Mani\ManiCSDP\Numerical Experiment\results_qs_rank_sedumi_mosek\qs_d45_rng2_mosek.txt
[2026-05-09T18:33:48.2683228+08:00] START qs_d45_rng3_sedumi
[2026-05-09T18:54:49.3055815+08:00] END qs_d45_rng3_sedumi exit=0 log=D:\Mine\Mani\ManiCSDP\Numerical Experiment\results_qs_rank_sedumi_mosek\qs_d45_rng3_sedumi.txt
[2026-05-09T18:54:49.3055815+08:00] START qs_d45_rng3_mosek
[2026-05-09T19:14:14.2948983+08:00] END qs_d45_rng3_mosek exit=0 log=D:\Mine\Mani\ManiCSDP\Numerical Experiment\results_qs_rank_sedumi_mosek\qs_d45_rng3_mosek.txt
[2026-05-09T19:14:14.2948983+08:00] START qs_d50_rng1_sedumi
[2026-05-09T19:55:41.2056616+08:00] END qs_d50_rng1_sedumi exit=0 log=D:\Mine\Mani\ManiCSDP\Numerical Experiment\results_qs_rank_sedumi_mosek\qs_d50_rng1_sedumi.txt
[2026-05-09T19:55:41.2133313+08:00] START qs_d50_rng1_mosek
[2026-05-09T20:34:51.1190947+08:00] END qs_d50_rng1_mosek exit=0 log=D:\Mine\Mani\ManiCSDP\Numerical Experiment\results_qs_rank_sedumi_mosek\qs_d50_rng1_mosek.txt
[2026-05-09T20:34:51.1190947+08:00] START qs_d50_rng2_sedumi
[2026-05-09T21:18:18.0270826+08:00] END qs_d50_rng2_sedumi exit=0 log=D:\Mine\Mani\ManiCSDP\Numerical Experiment\results_qs_rank_sedumi_mosek\qs_d50_rng2_sedumi.txt
[2026-05-09T21:18:18.0290908+08:00] START qs_d50_rng2_mosek
[2026-05-09T21:57:57.9839016+08:00] END qs_d50_rng2_mosek exit=0 log=D:\Mine\Mani\ManiCSDP\Numerical Experiment\results_qs_rank_sedumi_mosek\qs_d50_rng2_mosek.txt
[2026-05-09T21:57:57.9879718+08:00] START qs_d50_rng3_sedumi
[2026-05-09T22:59:17.4959214+08:00] END qs_d50_rng3_sedumi exit=0 log=D:\Mine\Mani\ManiCSDP\Numerical Experiment\results_qs_rank_sedumi_mosek\qs_d50_rng3_sedumi.txt
[2026-05-09T22:59:17.5838554+08:00] START qs_d50_rng3_mosek
[2026-05-09T23:48:10.1743435+08:00] END qs_d50_rng3_mosek exit=0 log=D:\Mine\Mani\ManiCSDP\Numerical Experiment\results_qs_rank_sedumi_mosek\qs_d50_rng3_mosek.txt
QS rank sweep launcher finished at 2026-05-09T23:48:10.1743435+08:00
